This is pdfTeX, Version 3.141592653-2.6-1.40.26 (TeX Live 2024) (preloaded format=mex 2024.9.28)  22 OCT 2024 22:37
entering extended mode
 restricted \write18 enabled.
 %&-line parsing enabled.
**gradcurlS0.c /home/paco/fmm3dbie/lib-static/libfmm3dbie_matlab.a /home/paco/f
mm_taylor/virtual-casing-helmholtz/src/magneto-static-routs.o -compatibleArrayD
ims -DMWF77_UNDERSCORE1 CFLAGS=-std=gnu17 -Wno-implicit-function-declaration -f
PIC -output gradcurlS0 -lm -lstdc++ -ldl -lgfortran -lgomp -lmwblas -lmwlapack
(./gradcurlS0.c
This is MeX  Version 1.05  18 XII 1993  (B. Jackowski & M. Ry\'cko)

Overfull \hbox (107.24594pt too wide) in paragraph at lines 1--4
[]\tenrm /* --------------------------------------------------- */ /* Au-to-ma-
ti-cally ge-ne-ra-ted by mwrap */ /* ------------------------------------------
---------|

\hbox(7.5+2.5)x469.75499, glue set - 1.0
.\hbox(0.0+0.0)x20.0
.\tenrm /
.\tenrm *
.\glue 3.33333 plus 1.66666 minus 1.11111
.\tenrm | (ligature ---)
.etc.

! You can't use `macro parameter character #' in vertical mode.
l.34 #
      include <stdio.h>
? 
! Emergency stop.
l.34 
     
End of file on the terminal!

No pages of output.
